This is pdfTeX, Version 3.141592653-2.6-1.40.26 (MiKTeX 24.4) (preloaded format=pdflatex 2025.1.26)  27 MAR 2025 23:16
entering extended mode
 restricted \write18 enabled.
 file:line:error style messages enabled.
 %&-line parsing enabled.
**c:/GitHub/ContentModerationRights/Outline/outline.tex
(c:/GitHub/ContentModerationRights/Outline/outline.tex
LaTeX2e <2024-11-01> patch level 1
L3 programming layer <2024-12-25>
(C:\Users\chowdhuryj\AppData\Local\Programs\MiKTeX\tex/latex/base\article.cls
Document Class: article 2024/06/29 v1.4n Standard LaTeX document class
(C:\Users\chowdhuryj\AppData\Local\Programs\MiKTeX\tex/latex/base\size10.clo
File: size10.clo 2024/06/29 v1.4n Standard LaTeX file (size option)
)
\c@part=\count196
\c@section=\count197
\c@subsection=\count198
\c@subsubsection=\count199
\c@paragraph=\count266
\c@subparagraph=\count267
\c@figure=\count268
\c@table=\count269
\abovecaptionskip=\skip49
\belowcaptionskip=\skip50
\bibindent=\dimen141
) (C:\Users\chowdhuryj\AppData\Local\Programs\MiKTeX\tex/latex/graphics\graphicx.sty
Package: graphicx 2021/09/16 v1.2d Enhanced LaTeX Graphics (DPC,SPQR)
 (C:\Users\chowdhuryj\AppData\Local\Programs\MiKTeX\tex/latex/graphics\keyval.sty
Package: keyval 2022/05/29 v1.15 key=value parser (DPC)
\KV@toks@=\toks17
) (C:\Users\chowdhuryj\AppData\Local\Programs\MiKTeX\tex/latex/graphics\graphics.sty
Package: graphics 2024/08/06 v1.4g Standard LaTeX Graphics (DPC,SPQR)
 (C:\Users\chowdhuryj\AppData\Local\Programs\MiKTeX\tex/latex/graphics\trig.sty
Package: trig 2023/12/02 v1.11 sin cos tan (DPC)
) (C:\Users\chowdhuryj\AppData\Local\Programs\MiKTeX\tex/latex/graphics-cfg\graphics.cfg
File: graphics.cfg 2016/06/04 v1.11 sample graphics configuration
)
Package graphics Info: Driver file: pdftex.def on input line 106.
 (C:\Users\chowdhuryj\AppData\Local\Programs\MiKTeX\tex/latex/graphics-def\pdftex.def
File: pdftex.def 2024/04/13 v1.2c Graphics/color driver for pdftex
))
\Gin@req@height=\dimen142
\Gin@req@width=\dimen143
) (C:\Users\chowdhuryj\AppData\Local\Programs\MiKTeX\tex/latex/geometry\geometry.sty
Package: geometry 2020/01/02 v5.9 Page Geometry
 (C:\Users\chowdhuryj\AppData\Local\Programs\MiKTeX\tex/generic/iftex\ifvtex.sty
Package: ifvtex 2019/10/25 v1.7 ifvtex legacy package. Use iftex instead.
 (C:\Users\chowdhuryj\AppData\Local\Programs\MiKTeX\tex/generic/iftex\iftex.sty
Package: iftex 2024/12/12 v1.0g TeX engine tests
))
\Gm@cnth=\count270
\Gm@cntv=\count271
\c@Gm@tempcnt=\count272
\Gm@bindingoffset=\dimen144
\Gm@wd@mp=\dimen145
\Gm@odd@mp=\dimen146
\Gm@even@mp=\dimen147
\Gm@layoutwidth=\dimen148
\Gm@layoutheight=\dimen149
\Gm@layouthoffset=\dimen150
\Gm@layoutvoffset=\dimen151
\Gm@dimlist=\toks18
 (C:\Users\chowdhuryj\AppData\Local\Programs\MiKTeX\tex/latex/geometry\geometry.cfg)) (C:\Users\chowdhuryj\AppData\Local\Programs\MiKTeX\tex/latex/amsmath\amsmath.sty
Package: amsmath 2024/11/05 v2.17t AMS math features
\@mathmargin=\skip51

For additional information on amsmath, use the `?' option.
(C:\Users\chowdhuryj\AppData\Local\Programs\MiKTeX\tex/latex/amsmath\amstext.sty
Package: amstext 2021/08/26 v2.01 AMS text
 (C:\Users\chowdhuryj\AppData\Local\Programs\MiKTeX\tex/latex/amsmath\amsgen.sty
File: amsgen.sty 1999/11/30 v2.0 generic functions
\@emptytoks=\toks19
\ex@=\dimen152
)) (C:\Users\chowdhuryj\AppData\Local\Programs\MiKTeX\tex/latex/amsmath\amsbsy.sty
Package: amsbsy 1999/11/29 v1.2d Bold Symbols
\pmbraise@=\dimen153
) (C:\Users\chowdhuryj\AppData\Local\Programs\MiKTeX\tex/latex/amsmath\amsopn.sty
Package: amsopn 2022/04/08 v2.04 operator names
)
\inf@bad=\count273
LaTeX Info: Redefining \frac on input line 233.
\uproot@=\count274
\leftroot@=\count275
LaTeX Info: Redefining \overline on input line 398.
LaTeX Info: Redefining \colon on input line 409.
\classnum@=\count276
\DOTSCASE@=\count277
LaTeX Info: Redefining \ldots on input line 495.
LaTeX Info: Redefining \dots on input line 498.
LaTeX Info: Redefining \cdots on input line 619.
\Mathstrutbox@=\box52
\strutbox@=\box53
LaTeX Info: Redefining \big on input line 721.
LaTeX Info: Redefining \Big on input line 722.
LaTeX Info: Redefining \bigg on input line 723.
LaTeX Info: Redefining \Bigg on input line 724.
\big@size=\dimen154
LaTeX Font Info:    Redeclaring font encoding OML on input line 742.
LaTeX Font Info:    Redeclaring font encoding OMS on input line 743.
\macc@depth=\count278
LaTeX Info: Redefining \bmod on input line 904.
LaTeX Info: Redefining \pmod on input line 909.
LaTeX Info: Redefining \smash on input line 939.
LaTeX Info: Redefining \relbar on input line 969.
LaTeX Info: Redefining \Relbar on input line 970.
\c@MaxMatrixCols=\count279
\dotsspace@=\muskip17
\c@parentequation=\count280
\dspbrk@lvl=\count281
\tag@help=\toks20
\row@=\count282
\column@=\count283
\maxfields@=\count284
\andhelp@=\toks21
\eqnshift@=\dimen155
\alignsep@=\dimen156
\tagshift@=\dimen157
\tagwidth@=\dimen158
\totwidth@=\dimen159
\lineht@=\dimen160
\@envbody=\toks22
\multlinegap=\skip52
\multlinetaggap=\skip53
\mathdisplay@stack=\toks23
LaTeX Info: Redefining \[ on input line 2953.
LaTeX Info: Redefining \] on input line 2954.
) (C:\Users\chowdhuryj\AppData\Local\Programs\MiKTeX\tex/latex/booktabs\booktabs.sty
Package: booktabs 2020/01/12 v1.61803398 Publication quality tables
\heavyrulewidth=\dimen161
\lightrulewidth=\dimen162
\cmidrulewidth=\dimen163
\belowrulesep=\dimen164
\belowbottomsep=\dimen165
\aboverulesep=\dimen166
\abovetopsep=\dimen167
\cmidrulesep=\dimen168
\cmidrulekern=\dimen169
\defaultaddspace=\dimen170
\@cmidla=\count285
\@cmidlb=\count286
\@aboverulesep=\dimen171
\@belowrulesep=\dimen172
\@thisruleclass=\count287
\@lastruleclass=\count288
\@thisrulewidth=\dimen173
) (C:\Users\chowdhuryj\AppData\Local\Programs\MiKTeX\tex/latex/float\float.sty
Package: float 2001/11/08 v1.3d Float enhancements (AL)
\c@float@type=\count289
\float@exts=\toks24
\float@box=\box54
\@float@everytoks=\toks25
\@floatcapt=\box55
) (C:\Users\chowdhuryj\AppData\Local\Programs\MiKTeX\tex/latex/hyperref\hyperref.sty
Package: hyperref 2024-11-05 v7.01l Hypertext links for LaTeX
 (C:\Users\chowdhuryj\AppData\Local\Programs\MiKTeX\tex/latex/kvsetkeys\kvsetkeys.sty
Package: kvsetkeys 2022-10-05 v1.19 Key value parser (HO)
) (C:\Users\chowdhuryj\AppData\Local\Programs\MiKTeX\tex/generic/kvdefinekeys\kvdefinekeys.sty
Package: kvdefinekeys 2019-12-19 v1.6 Define keys (HO)
) (C:\Users\chowdhuryj\AppData\Local\Programs\MiKTeX\tex/generic/pdfescape\pdfescape.sty
Package: pdfescape 2019/12/09 v1.15 Implements pdfTeX's escape features (HO)
 (C:\Users\chowdhuryj\AppData\Local\Programs\MiKTeX\tex/generic/ltxcmds\ltxcmds.sty
Package: ltxcmds 2023-12-04 v1.26 LaTeX kernel commands for general use (HO)
) (C:\Users\chowdhuryj\AppData\Local\Programs\MiKTeX\tex/generic/pdftexcmds\pdftexcmds.sty
Package: pdftexcmds 2020-06-27 v0.33 Utility functions of pdfTeX for LuaTeX (HO)
 (C:\Users\chowdhuryj\AppData\Local\Programs\MiKTeX\tex/generic/infwarerr\infwarerr.sty
Package: infwarerr 2019/12/03 v1.5 Providing info/warning/error messages (HO)
)
Package pdftexcmds Info: \pdf@primitive is available.
Package pdftexcmds Info: \pdf@ifprimitive is available.
Package pdftexcmds Info: \pdfdraftmode found.
)) (C:\Users\chowdhuryj\AppData\Local\Programs\MiKTeX\tex/latex/hycolor\hycolor.sty
Package: hycolor 2020-01-27 v1.10 Color options for hyperref/bookmark (HO)
) (C:\Users\chowdhuryj\AppData\Local\Programs\MiKTeX\tex/latex/hyperref\nameref.sty
Package: nameref 2023-11-26 v2.56 Cross-referencing by name of section
 (C:\Users\chowdhuryj\AppData\Local\Programs\MiKTeX\tex/latex/refcount\refcount.sty
Package: refcount 2019/12/15 v3.6 Data extraction from label references (HO)
) (C:\Users\chowdhuryj\AppData\Local\Programs\MiKTeX\tex/generic/gettitlestring\gettitlestring.sty
Package: gettitlestring 2019/12/15 v1.6 Cleanup title references (HO)
 (C:\Users\chowdhuryj\AppData\Local\Programs\MiKTeX\tex/latex/kvoptions\kvoptions.sty
Package: kvoptions 2022-06-15 v3.15 Key value format for package options (HO)
))
\c@section@level=\count290
) (C:\Users\chowdhuryj\AppData\Local\Programs\MiKTeX\tex/latex/etoolbox\etoolbox.sty
Package: etoolbox 2020/10/05 v2.5k e-TeX tools for LaTeX (JAW)
\etb@tempcnta=\count291
) (C:\Users\chowdhuryj\AppData\Local\Programs\MiKTeX\tex/generic/stringenc\stringenc.sty
Package: stringenc 2019/11/29 v1.12 Convert strings between diff. encodings (HO)
)
\@linkdim=\dimen174
\Hy@linkcounter=\count292
\Hy@pagecounter=\count293
 (C:\Users\chowdhuryj\AppData\Local\Programs\MiKTeX\tex/latex/hyperref\pd1enc.def
File: pd1enc.def 2024-11-05 v7.01l Hyperref: PDFDocEncoding definition (HO)
Now handling font encoding PD1 ...
... no UTF-8 mapping file for font encoding PD1
) (C:\Users\chowdhuryj\AppData\Local\Programs\MiKTeX\tex/generic/intcalc\intcalc.sty
Package: intcalc 2019/12/15 v1.3 Expandable calculations with integers (HO)
)
\Hy@SavedSpaceFactor=\count294
 (C:\Users\chowdhuryj\AppData\Local\Programs\MiKTeX\tex/latex/hyperref\puenc.def
File: puenc.def 2024-11-05 v7.01l Hyperref: PDF Unicode definition (HO)
Now handling font encoding PU ...
... no UTF-8 mapping file for font encoding PU
)
Package hyperref Info: Hyper figures OFF on input line 4157.
Package hyperref Info: Link nesting OFF on input line 4162.
Package hyperref Info: Hyper index ON on input line 4165.
Package hyperref Info: Plain pages OFF on input line 4172.
Package hyperref Info: Backreferencing OFF on input line 4177.
Package hyperref Info: Implicit mode ON; LaTeX internals redefined.
Package hyperref Info: Bookmarks ON on input line 4424.
\c@Hy@tempcnt=\count295
 (C:\Users\chowdhuryj\AppData\Local\Programs\MiKTeX\tex/latex/url\url.sty
\Urlmuskip=\muskip18
Package: url 2013/09/16  ver 3.4  Verb mode for urls, etc.
)
LaTeX Info: Redefining \url on input line 4763.
\XeTeXLinkMargin=\dimen175
 (C:\Users\chowdhuryj\AppData\Local\Programs\MiKTeX\tex/generic/bitset\bitset.sty
Package: bitset 2019/12/09 v1.3 Handle bit-vector datatype (HO)
 (C:\Users\chowdhuryj\AppData\Local\Programs\MiKTeX\tex/generic/bigintcalc\bigintcalc.sty
Package: bigintcalc 2019/12/15 v1.5 Expandable calculations on big integers (HO)
))
\Fld@menulength=\count296
\Field@Width=\dimen176
\Fld@charsize=\dimen177
Package hyperref Info: Hyper figures OFF on input line 6042.
Package hyperref Info: Link nesting OFF on input line 6047.
Package hyperref Info: Hyper index ON on input line 6050.
Package hyperref Info: backreferencing OFF on input line 6057.
Package hyperref Info: Link coloring OFF on input line 6062.
Package hyperref Info: Link coloring with OCG OFF on input line 6067.
Package hyperref Info: PDF/A mode OFF on input line 6072.
 (C:\Users\chowdhuryj\AppData\Local\Programs\MiKTeX\tex/latex/base\atbegshi-ltx.sty
Package: atbegshi-ltx 2021/01/10 v1.0c Emulation of the original atbegshi
package with kernel methods
)
\Hy@abspage=\count297
\c@Item=\count298
\c@Hfootnote=\count299
)
Package hyperref Info: Driver (autodetected): hpdftex.
 (C:\Users\chowdhuryj\AppData\Local\Programs\MiKTeX\tex/latex/hyperref\hpdftex.def
File: hpdftex.def 2024-11-05 v7.01l Hyperref driver for pdfTeX
 (C:\Users\chowdhuryj\AppData\Local\Programs\MiKTeX\tex/latex/base\atveryend-ltx.sty
Package: atveryend-ltx 2020/08/19 v1.0a Emulation of the original atveryend package
with kernel methods
)
\Fld@listcount=\count300
\c@bookmark@seq@number=\count301
 (C:\Users\chowdhuryj\AppData\Local\Programs\MiKTeX\tex/latex/rerunfilecheck\rerunfilecheck.sty
Package: rerunfilecheck 2022-07-10 v1.10 Rerun checks for auxiliary files (HO)
 (C:\Users\chowdhuryj\AppData\Local\Programs\MiKTeX\tex/generic/uniquecounter\uniquecounter.sty
Package: uniquecounter 2019/12/15 v1.4 Provide unlimited unique counter (HO)
)
Package uniquecounter Info: New unique counter `rerunfilecheck' on input line 285.
)
\Hy@SectionHShift=\skip54
) (C:\Users\chowdhuryj\AppData\Local\Programs\MiKTeX\tex/latex/biblatex\biblatex.sty
Package: biblatex 2024/03/21 v3.20 programmable bibliographies (PK/MW)
 (C:\Users\chowdhuryj\AppData\Local\Programs\MiKTeX\tex/latex/logreq\logreq.sty
Package: logreq 2010/08/04 v1.0 xml request logger
\lrq@indent=\count302
 (C:\Users\chowdhuryj\AppData\Local\Programs\MiKTeX\tex/latex/logreq\logreq.def
File: logreq.def 2010/08/04 v1.0 logreq spec v1.0
)) (C:\Users\chowdhuryj\AppData\Local\Programs\MiKTeX\tex/latex/base\ifthen.sty
Package: ifthen 2024/03/16 v1.1e Standard LaTeX ifthen package (DPC)
)
\c@tabx@nest=\count303
\c@listtotal=\count304
\c@listcount=\count305
\c@liststart=\count306
\c@liststop=\count307
\c@citecount=\count308
\c@citetotal=\count309
\c@multicitecount=\count310
\c@multicitetotal=\count311
\c@instcount=\count312
\c@maxnames=\count313
\c@minnames=\count314
\c@maxitems=\count315
\c@minitems=\count316
\c@citecounter=\count317
\c@maxcitecounter=\count318
\c@savedcitecounter=\count319
\c@uniquelist=\count320
\c@uniquename=\count321
\c@refsection=\count322
\c@refsegment=\count323
\c@maxextratitle=\count324
\c@maxextratitleyear=\count325
\c@maxextraname=\count326
\c@maxextradate=\count327
\c@maxextraalpha=\count328
\c@abbrvpenalty=\count329
\c@highnamepenalty=\count330
\c@lownamepenalty=\count331
\c@maxparens=\count332
\c@parenlevel=\count333
\blx@tempcnta=\count334
\blx@tempcntb=\count335
\blx@tempcntc=\count336
\c@blx@maxsection=\count337
\blx@maxsegment@0=\count338
\blx@notetype=\count339
\blx@parenlevel@text=\count340
\blx@parenlevel@foot=\count341
\blx@sectionciteorder@0=\count342
\blx@sectionciteorderinternal@0=\count343
\blx@entrysetcounter=\count344
\blx@biblioinstance=\count345
\labelnumberwidth=\skip55
\labelalphawidth=\skip56
\biblabelsep=\skip57
\bibitemsep=\skip58
\bibnamesep=\skip59
\bibinitsep=\skip60
\bibparsep=\skip61
\bibhang=\skip62
\blx@bcfin=\read2
\blx@bcfout=\write3
\blx@langwohyphens=\language79
\c@mincomprange=\count346
\c@maxcomprange=\count347
\c@mincompwidth=\count348
Package biblatex Info: Trying to load biblatex default data model...
Package biblatex Info: ... file 'blx-dm.def' found.
 (C:\Users\chowdhuryj\AppData\Local\Programs\MiKTeX\tex/latex/biblatex\blx-dm.def
File: blx-dm.def 2024/03/21 v3.20 biblatex datamodel (PK/MW)
)
Package biblatex Info: Trying to load biblatex style data model...
Package biblatex Info: ... file 'apa.dbx' found.
 (C:\Users\chowdhuryj\AppData\Local\Programs\MiKTeX\tex/latex/biblatex-apa\apa.dbx
File: apa.dbx 2023/03/20 v9.17 APA biblatex style data model
)
Package biblatex Info: Trying to load biblatex custom data model...
Package biblatex Info: ... file 'biblatex-dm.cfg' not found.
\c@afterword=\count349
\c@savedafterword=\count350
\c@annotator=\count351
\c@savedannotator=\count352
\c@author=\count353
\c@savedauthor=\count354
\c@bookauthor=\count355
\c@savedbookauthor=\count356
\c@commentator=\count357
\c@savedcommentator=\count358
\c@editor=\count359
\c@savededitor=\count360
\c@editora=\count361
\c@savededitora=\count362
\c@editorb=\count363
\c@savededitorb=\count364
\c@editorc=\count365
\c@savededitorc=\count366
\c@foreword=\count367
\c@savedforeword=\count368
\c@holder=\count369
\c@savedholder=\count370
\c@introduction=\count371
\c@savedintroduction=\count372
\c@namea=\count373
\c@savednamea=\count374
\c@nameb=\count375
\c@savednameb=\count376
\c@namec=\count377
\c@savednamec=\count378
\c@translator=\count379
\c@savedtranslator=\count380
\c@shortauthor=\count381
\c@savedshortauthor=\count382
\c@shorteditor=\count383
\c@savedshorteditor=\count384
\c@narrator=\count385
\c@savednarrator=\count386
\c@execproducer=\count387
\c@savedexecproducer=\count388
\c@execdirector=\count389
\c@savedexecdirector=\count390
\c@with=\count391
\c@savedwith=\count392
\c@labelname=\count393
\c@savedlabelname=\count394
\c@institution=\count395
\c@savedinstitution=\count396
\c@lista=\count397
\c@savedlista=\count398
\c@listb=\count399
\c@savedlistb=\count400
\c@listc=\count401
\c@savedlistc=\count402
\c@listd=\count403
\c@savedlistd=\count404
\c@liste=\count405
\c@savedliste=\count406
\c@listf=\count407
\c@savedlistf=\count408
\c@location=\count409
\c@savedlocation=\count410
\c@organization=\count411
\c@savedorganization=\count412
\c@origlocation=\count413
\c@savedoriglocation=\count414
\c@origpublisher=\count415
\c@savedorigpublisher=\count416
\c@publisher=\count417
\c@savedpublisher=\count418
\c@language=\count419
\c@savedlanguage=\count420
\c@origlanguage=\count421
\c@savedoriglanguage=\count422
\c@citation=\count423
\c@savedcitation=\count424
\c@pageref=\count425
\c@savedpageref=\count426
\shorthandwidth=\skip63
\shortjournalwidth=\skip64
\shortserieswidth=\skip65
\shorttitlewidth=\skip66
\shortauthorwidth=\skip67
\shorteditorwidth=\skip68
\locallabelnumberwidth=\skip69
\locallabelalphawidth=\skip70
\localshorthandwidth=\skip71
\localshortjournalwidth=\skip72
\localshortserieswidth=\skip73
\localshorttitlewidth=\skip74
\localshortauthorwidth=\skip75
\localshorteditorwidth=\skip76
Package biblatex Info: Trying to load compatibility code...
Package biblatex Info: ... file 'blx-compat.def' found.
 (C:\Users\chowdhuryj\AppData\Local\Programs\MiKTeX\tex/latex/biblatex\blx-compat.def
File: blx-compat.def 2024/03/21 v3.20 biblatex compatibility (PK/MW)
)
Package biblatex Info: Trying to load generic definitions...
Package biblatex Info: ... file 'biblatex.def' found.
 (C:\Users\chowdhuryj\AppData\Local\Programs\MiKTeX\tex/latex/biblatex\biblatex.def
File: biblatex.def 2024/03/21 v3.20 biblatex compatibility (PK/MW)
\c@textcitecount=\count427
\c@textcitetotal=\count428
\c@textcitemaxnames=\count429
\c@biburlbigbreakpenalty=\count430
\c@biburlbreakpenalty=\count431
\c@biburlnumpenalty=\count432
\c@biburlucpenalty=\count433
\c@biburllcpenalty=\count434
\biburlbigskip=\muskip19
\biburlnumskip=\muskip20
\biburlucskip=\muskip21
\biburllcskip=\muskip22
\c@smartand=\count435
)
Package biblatex Info: Trying to load bibliography style 'apa'...
Package biblatex Info: ... file 'apa.bbx' found.
 (C:\Users\chowdhuryj\AppData\Local\Programs\MiKTeX\tex/latex/biblatex-apa\apa.bbx
File: apa.bbx 2023/03/20 v9.17 APA biblatex references style
Package biblatex Info: Trying to load bibliography style 'standard'...
Package biblatex Info: ... file 'standard.bbx' found.
 (C:\Users\chowdhuryj\AppData\Local\Programs\MiKTeX\tex/latex/biblatex/bbx\standard.bbx
File: standard.bbx 2024/03/21 v3.20 biblatex bibliography style (PK/MW)
\c@bbx:relatedcount=\count436
\c@bbx:relatedtotal=\count437
)
Package biblatex Info: Delimiter 'nameyeardelim' in context 'bib' already defined, overwriting.
Package biblatex Info: Delimiter 'nameyeardelim' in context 'biblist' already defined, overwriting.
Package biblatex Info: Delimiter 'nonameyeardelim' in context 'bib' already defined, overwriting.
Package biblatex Info: Delimiter 'nonameyeardelim' in context 'biblist' already defined, overwriting.
)
Package biblatex Info: Trying to load citation style 'apa'...
Package biblatex Info: ... file 'apa.cbx' found.
 (C:\Users\chowdhuryj\AppData\Local\Programs\MiKTeX\tex/latex/biblatex-apa\apa.cbx
File: apa.cbx 2023/03/20 v9.17 APA biblatex citation style
Package biblatex Info: Delimiter 'nameyeardelim' in context '' already defined, overwriting.
Package biblatex Info: Delimiter 'andothersdelim' in context '' already defined, overwriting.
Package biblatex Info: Redefining '\fullcite'.
Package biblatex Info: Redefining '\citeauthor'.
Package biblatex Info: Redefining '\citeyear'.
Package biblatex Info: Redefining '\cite'.
Package biblatex Info: Redefining '\cites'.
Package biblatex Info: Redefining '\parencite'.
Package biblatex Info: Redefining '\parencites'.
Package biblatex Info: Redefining '\footcite'.
Package biblatex Info: Redefining '\footcites'.
Package biblatex Info: Redefining '\footcitetext'.
Package biblatex Info: Redefining '\footcitetexts'.
Package biblatex Info: Redefining '\smartcite'.
Package biblatex Info: Redefining '\smartcites'.
Package biblatex Info: Redefining '\textcite'.
Package biblatex Info: Redefining '\textcites'.
)
Package biblatex Info: Trying to load configuration file...
Package biblatex Info: ... file 'biblatex.cfg' found.
 (C:\Users\chowdhuryj\AppData\Local\Programs\MiKTeX\tex/latex/biblatex\biblatex.cfg
File: biblatex.cfg 
)
Package biblatex Info: Input encoding 'utf8' detected.
Package biblatex Info: Document encoding is UTF8 ....
 (C:\Users\chowdhuryj\AppData\Local\Programs\MiKTeX\tex/latex/l3kernel\expl3.sty
Package: expl3 2024-12-25 L3 programming layer (loader) 
 (C:\Users\chowdhuryj\AppData\Local\Programs\MiKTeX\tex/latex/l3backend\l3backend-pdftex.def
File: l3backend-pdftex.def 2024-05-08 L3 backend support: PDF output (pdfTeX)
\l__color_backend_stack_int=\count438
\l__pdf_internal_box=\box56
))
Package biblatex Info: ... and expl3
(biblatex)             2024-12-25 L3 programming layer (loader) 
(biblatex)             is new enough (at least 2020/04/06),
(biblatex)             setting 'casechanger=expl3'.
 (C:\Users\chowdhuryj\AppData\Local\Programs\MiKTeX\tex/latex/biblatex\blx-case-expl3.sty (C:\Users\chowdhuryj\AppData\Local\Programs\MiKTeX\tex/latex/l3packages/xparse\xparse.sty
Package: xparse 2024-08-16 L3 Experimental document command parser
)
Package: blx-case-expl3 2024/03/21 v3.20 expl3 case changing code for biblatex
))
\@quotelevel=\count439
\@quotereset=\count440
 (outline.aux)
\openout1 = `outline.aux'.

LaTeX Font Info:    Checking defaults for OML/cmm/m/it on input line 17.
LaTeX Font Info:    ... okay on input line 17.
LaTeX Font Info:    Checking defaults for OMS/cmsy/m/n on input line 17.
LaTeX Font Info:    ... okay on input line 17.
LaTeX Font Info:    Checking defaults for OT1/cmr/m/n on input line 17.
LaTeX Font Info:    ... okay on input line 17.
LaTeX Font Info:    Checking defaults for T1/cmr/m/n on input line 17.
LaTeX Font Info:    ... okay on input line 17.
LaTeX Font Info:    Checking defaults for TS1/cmr/m/n on input line 17.
LaTeX Font Info:    ... okay on input line 17.
LaTeX Font Info:    Checking defaults for OMX/cmex/m/n on input line 17.
LaTeX Font Info:    ... okay on input line 17.
LaTeX Font Info:    Checking defaults for U/cmr/m/n on input line 17.
LaTeX Font Info:    ... okay on input line 17.
LaTeX Font Info:    Checking defaults for PD1/pdf/m/n on input line 17.
LaTeX Font Info:    ... okay on input line 17.
LaTeX Font Info:    Checking defaults for PU/pdf/m/n on input line 17.
LaTeX Font Info:    ... okay on input line 17.
 (C:\Users\chowdhuryj\AppData\Local\Programs\MiKTeX\tex/context/base/mkii\supp-pdf.mkii
[Loading MPS to PDF converter (version 2006.09.02).]
\scratchcounter=\count441
\scratchdimen=\dimen178
\scratchbox=\box57
\nofMPsegments=\count442
\nofMParguments=\count443
\everyMPshowfont=\toks26
\MPscratchCnt=\count444
\MPscratchDim=\dimen179
\MPnumerator=\count445
\makeMPintoPDFobject=\count446
\everyMPtoPDFconversion=\toks27
) (C:\Users\chowdhuryj\AppData\Local\Programs\MiKTeX\tex/latex/epstopdf-pkg\epstopdf-base.sty
Package: epstopdf-base 2020-01-24 v2.11 Base part for package epstopdf
Package epstopdf-base Info: Redefining graphics rule for `.eps' on input line 485.
 (C:\Users\chowdhuryj\AppData\Local\Programs\MiKTeX\tex/latex/00miktex\epstopdf-sys.cfg
File: epstopdf-sys.cfg 2021/03/18 v2.0 Configuration of epstopdf for MiKTeX
))
*geometry* driver: auto-detecting
*geometry* detected driver: pdftex
*geometry* verbose mode - [ preamble ] result:
* driver: pdftex
* paper: a4paper
* layout: <same size as paper>
* layoutoffset:(h,v)=(0.0pt,0.0pt)
* modes: 
* h-part:(L,W,R)=(36.135pt, 525.23788pt, 36.135pt)
* v-part:(T,H,B)=(36.135pt, 772.77686pt, 36.135pt)
* \paperwidth=597.50787pt
* \paperheight=845.04684pt
* \textwidth=525.23788pt
* \textheight=772.77686pt
* \oddsidemargin=-36.135pt
* \evensidemargin=-36.135pt
* \topmargin=-73.135pt
* \headheight=12.0pt
* \headsep=25.0pt
* \topskip=10.0pt
* \footskip=30.0pt
* \marginparwidth=57.0pt
* \marginparsep=11.0pt
* \columnsep=10.0pt
* \skip\footins=9.0pt plus 4.0pt minus 2.0pt
* \hoffset=0.0pt
* \voffset=0.0pt
* \mag=1000
* \@twocolumnfalse
* \@twosidefalse
* \@mparswitchfalse
* \@reversemarginfalse
* (1in=72.27pt=25.4mm, 1cm=28.453pt)

Package hyperref Info: Link coloring OFF on input line 17.
(outline.out) (outline.out)
\@outlinefile=\write4
\openout4 = `outline.out'.

Package biblatex Info: Trying to load language 'english' -> 'english-apa'...
Package biblatex Info: ... file 'english-apa.lbx' found.
 (C:\Users\chowdhuryj\AppData\Local\Programs\MiKTeX\tex/latex/biblatex-apa\english-apa.lbx
File: english-apa.lbx 2023/03/20 v9.17 APA biblatex localisation
Package biblatex Info: Trying to load language 'english'...
Package biblatex Info: ... file 'english.lbx' found.
 (C:\Users\chowdhuryj\AppData\Local\Programs\MiKTeX\tex/latex/biblatex/lbx\english.lbx
File: english.lbx 2024/03/21 v3.20 biblatex localization (PK/MW)
)
Package biblatex Info: Trying to load language 'american' -> 'american-apa'...
Package biblatex Info: ... file 'american-apa.lbx' found.
 (C:\Users\chowdhuryj\AppData\Local\Programs\MiKTeX\tex/latex/biblatex-apa\american-apa.lbx
File: american-apa.lbx 2023/03/20 v9.17 APA biblatex localisation
Package biblatex Info: Trying to load language 'american'...
Package biblatex Info: ... file 'american.lbx' found.
 (C:\Users\chowdhuryj\AppData\Local\Programs\MiKTeX\tex/latex/biblatex/lbx\american.lbx
File: american.lbx 2024/03/21 v3.20 biblatex localization (PK/MW)
Package biblatex Info: Trying to load language 'english'...
Package biblatex Info: ... file 'english.lbx' found.
 (C:\Users\chowdhuryj\AppData\Local\Programs\MiKTeX\tex/latex/biblatex/lbx\english.lbx
File: english.lbx 2024/03/21 v3.20 biblatex localization (PK/MW)
))))
Package biblatex Info: Input encoding 'utf8' detected.
Package biblatex Info: Automatic encoding selection.
(biblatex)             Assuming data encoding 'utf8'.
\openout3 = `outline.bcf'.

Package biblatex Info: Trying to load bibliographic data...
Package biblatex Info: ... file 'outline.bbl' found.
 (outline.bbl)
Package biblatex Info: Reference section=0 on input line 17.
Package biblatex Info: Reference segment=0 on input line 17.


[1

{C:/Users/chowdhuryj/AppData/Local/MiKTeX/fonts/map/pdftex/pdftex.map}] (outline.toc)
\tf@toc=\write5
\openout5 = `outline.toc'.



[2]

[3]
Underfull \hbox (badness 10000) in paragraph at lines 83--85

 []


Underfull \hbox (badness 10000) in paragraph at lines 105--108

 []


Underfull \hbox (badness 10000) in paragraph at lines 113--119

 []



[4]
Underfull \hbox (badness 10000) in paragraph at lines 157--160

 []


Underfull \hbox (badness 10000) in paragraph at lines 165--169

 []


Underfull \hbox (badness 10000) in paragraph at lines 176--180

 []


Underfull \hbox (badness 10000) in paragraph at lines 187--190

 []


Underfull \hbox (badness 10000) in paragraph at lines 195--198

 []



[5]
Underfull \hbox (badness 10000) in paragraph at lines 199--203

 []



[6]

[7]
Overfull \hbox (21.59244pt too wide) in paragraph at lines 286--286
\OT1/cmr/m/n/10 censed un-der the Cre-ative Com-mons At-tri-bu-tion { Non-Commercial Li-cense https://creativecommons.org/licenses/by-
 []



[8] (outline.aux)
 ***********
LaTeX2e <2024-11-01> patch level 1
L3 programming layer <2024-12-25>
 ***********
Package rerunfilecheck Info: File `outline.out' has not changed.
(rerunfilecheck)             Checksum: 369DE7537866CD2FFC6C51C80C0A2048;7765.
Package logreq Info: Writing requests to 'outline.run.xml'.
\openout1 = `outline.run.xml'.

 ) 
Here is how much of TeX's memory you used:
 17960 strings out of 473536
 320331 string characters out of 5712536
 1253917 words of memory out of 5000000
 40952 multiletter control sequences out of 15000+600000
 564901 words of font info for 57 fonts, out of 8000000 for 9000
 1141 hyphenation exceptions out of 8191
 75i,6n,81p,1305b,5052s stack positions out of 10000i,1000n,20000p,200000b,200000s
 <C:\Users\chowdhuryj\AppData\Local\MiKTeX\fonts/pk/ljfour/jknappen/ec/dpi600\tcrm1000.pk><C:/Users/chowdhuryj/AppData/Local/Programs/MiKTeX/fonts/type1/public/amsfonts/cm/cmbx10.pfb><C:/Users/chowdhuryj/AppData/Local/Programs/MiKTeX/fonts/type1/public/amsfonts/cm/cmbx12.pfb><C:/Users/chowdhuryj/AppData/Local/Programs/MiKTeX/fonts/type1/public/amsfonts/cm/cmr10.pfb><C:/Users/chowdhuryj/AppData/Local/Programs/MiKTeX/fonts/type1/public/amsfonts/cm/cmr12.pfb><C:/Users/chowdhuryj/AppData/Local/Programs/MiKTeX/fonts/type1/public/amsfonts/cm/cmr17.pfb><C:/Users/chowdhuryj/AppData/Local/Programs/MiKTeX/fonts/type1/public/amsfonts/cm/cmti10.pfb>
Output written on outline.pdf (8 pages, 165573 bytes).
PDF statistics:
 273 PDF objects out of 1000 (max. 8388607)
 51 named destinations out of 1000 (max. 500000)
 265 words of extra memory for PDF output out of 10000 (max. 10000000)

